{"E:\\DESIN\\quinielas\\src\\App.js": {"path":"E:\\DESIN\\quinielas\\src\\App.js","statementMap":{"0":{"start":{"line":5,"column":2},"end":{"line":10,"column":4}}},"fnMap":{"0":{"name":"App","decl":{"start":{"line":4,"column":9},"end":{"line":4,"column":12}},"loc":{"start":{"line":4,"column":15},"end":{"line":11,"column":1}},"line":4}},"branchMap":{},"s":{"0":0},"f":{"0":0},"b":{}}
,"E:\\DESIN\\quinielas\\src\\index.js": {"path":"E:\\DESIN\\quinielas\\src\\index.js","statementMap":{"0":{"start":{"line":8,"column":13},"end":{"line":8,"column":65}},"1":{"start":{"line":9,"column":0},"end":{"line":13,"column":2}},"2":{"start":{"line":18,"column":0},"end":{"line":18,"column":18}}},"fnMap":{},"branchMap":{},"s":{"0":0,"1":0,"2":0},"f":{},"b":{}}
,"E:\\DESIN\\quinielas\\src\\reportWebVitals.js": {"path":"E:\\DESIN\\quinielas\\src\\reportWebVitals.js","statementMap":{"0":{"start":{"line":1,"column":24},"end":{"line":11,"column":1}},"1":{"start":{"line":2,"column":2},"end":{"line":10,"column":3}},"2":{"start":{"line":3,"column":4},"end":{"line":9,"column":7}},"3":{"start":{"line":4,"column":6},"end":{"line":4,"column":26}},"4":{"start":{"line":5,"column":6},"end":{"line":5,"column":26}},"5":{"start":{"line":6,"column":6},"end":{"line":6,"column":26}},"6":{"start":{"line":7,"column":6},"end":{"line":7,"column":26}},"7":{"start":{"line":8,"column":6},"end":{"line":8,"column":27}}},"fnMap":{"0":{"name":"(anonymous_0)","decl":{"start":{"line":1,"column":24},"end":{"line":1,"column":25}},"loc":{"start":{"line":1,"column":39},"end":{"line":11,"column":1}},"line":1},"1":{"name":"(anonymous_1)","decl":{"start":{"line":3,"column":30},"end":{"line":3,"column":31}},"loc":{"start":{"line":3,"column":79},"end":{"line":9,"column":5}},"line":3}},"branchMap":{"0":{"loc":{"start":{"line":2,"column":2},"end":{"line":10,"column":3}},"type":"if","locations":[{"start":{"line":2,"column":2},"end":{"line":10,"column":3}},{"start":{},"end":{}}],"line":2},"1":{"loc":{"start":{"line":2,"column":6},"end":{"line":2,"column":52}},"type":"binary-expr","locations":[{"start":{"line":2,"column":6},"end":{"line":2,"column":17}},{"start":{"line":2,"column":21},"end":{"line":2,"column":52}}],"line":2}},"s":{"0":0,"1":0,"2":0,"3":0,"4":0,"5":0,"6":0,"7":0},"f":{"0":0,"1":0},"b":{"0":[0,0],"1":[0,0]}}
,"E:\\DESIN\\quinielas\\src\\components\\ApuestasList.js": {"path":"E:\\DESIN\\quinielas\\src\\components\\ApuestasList.js","statementMap":{"0":{"start":{"line":6,"column":21},"end":{"line":84,"column":1}},"1":{"start":{"line":8,"column":36},"end":{"line":8,"column":48}},"2":{"start":{"line":9,"column":52},"end":{"line":9,"column":64}},"3":{"start":{"line":10,"column":28},"end":{"line":22,"column":5}},"4":{"start":{"line":13,"column":8},"end":{"line":19,"column":9}},"5":{"start":{"line":15,"column":33},"end":{"line":15,"column":46}},"6":{"start":{"line":16,"column":12},"end":{"line":17,"column":36}},"7":{"start":{"line":18,"column":12},"end":{"line":18,"column":38}},"8":{"start":{"line":24,"column":25},"end":{"line":30,"column":5}},"9":{"start":{"line":25,"column":25},"end":{"line":25,"column":76}},"10":{"start":{"line":26,"column":21},"end":{"line":26,"column":42}},"11":{"start":{"line":27,"column":8},"end":{"line":27,"column":87}},"12":{"start":{"line":27,"column":52},"end":{"line":27,"column":68}},"13":{"start":{"line":27,"column":68},"end":{"line":27,"column":83}},"14":{"start":{"line":28,"column":8},"end":{"line":28,"column":88}},"15":{"start":{"line":28,"column":80},"end":{"line":28,"column":85}},"16":{"start":{"line":32,"column":4},"end":{"line":35,"column":9}},"17":{"start":{"line":33,"column":8},"end":{"line":33,"column":25}},"18":{"start":{"line":38,"column":29},"end":{"line":47,"column":5}},"19":{"start":{"line":39,"column":33},"end":{"line":45,"column":12}},"20":{"start":{"line":40,"column":12},"end":{"line":44,"column":13}},"21":{"start":{"line":41,"column":14},"end":{"line":41,"column":28}},"22":{"start":{"line":43,"column":14},"end":{"line":43,"column":27}},"23":{"start":{"line":46,"column":10},"end":{"line":46,"column":48}},"24":{"start":{"line":49,"column":2},"end":{"line":82,"column":4}},"25":{"start":{"line":55,"column":4},"end":{"line":79,"column":21}},"26":{"start":{"line":62,"column":33},"end":{"line":62,"column":57}},"27":{"start":{"line":69,"column":16},"end":{"line":72,"column":21}}},"fnMap":{"0":{"name":"(anonymous_0)","decl":{"start":{"line":6,"column":21},"end":{"line":6,"column":22}},"loc":{"start":{"line":6,"column":25},"end":{"line":84,"column":1}},"line":6},"1":{"name":"(anonymous_1)","decl":{"start":{"line":10,"column":28},"end":{"line":10,"column":29}},"loc":{"start":{"line":10,"column":52},"end":{"line":22,"column":5}},"line":10},"2":{"name":"(anonymous_2)","decl":{"start":{"line":24,"column":25},"end":{"line":24,"column":26}},"loc":{"start":{"line":24,"column":34},"end":{"line":30,"column":5}},"line":24},"3":{"name":"(anonymous_3)","decl":{"start":{"line":27,"column":38},"end":{"line":27,"column":39}},"loc":{"start":{"line":27,"column":51},"end":{"line":27,"column":84}},"line":27},"4":{"name":"(anonymous_4)","decl":{"start":{"line":28,"column":74},"end":{"line":28,"column":75}},"loc":{"start":{"line":28,"column":80},"end":{"line":28,"column":85}},"line":28},"5":{"name":"(anonymous_5)","decl":{"start":{"line":32,"column":14},"end":{"line":32,"column":15}},"loc":{"start":{"line":32,"column":18},"end":{"line":35,"column":5}},"line":32},"6":{"name":"(anonymous_6)","decl":{"start":{"line":38,"column":29},"end":{"line":38,"column":30}},"loc":{"start":{"line":38,"column":39},"end":{"line":47,"column":5}},"line":38},"7":{"name":"(anonymous_7)","decl":{"start":{"line":39,"column":54},"end":{"line":39,"column":55}},"loc":{"start":{"line":39,"column":68},"end":{"line":45,"column":11}},"line":39},"8":{"name":"(anonymous_8)","decl":{"start":{"line":54,"column":18},"end":{"line":54,"column":19}},"loc":{"start":{"line":55,"column":4},"end":{"line":79,"column":21}},"line":55},"9":{"name":"(anonymous_9)","decl":{"start":{"line":62,"column":29},"end":{"line":62,"column":30}},"loc":{"start":{"line":62,"column":32},"end":{"line":62,"column":58}},"line":62},"10":{"name":"(anonymous_10)","decl":{"start":{"line":68,"column":34},"end":{"line":68,"column":35}},"loc":{"start":{"line":69,"column":16},"end":{"line":72,"column":21}},"line":69}},"branchMap":{"0":{"loc":{"start":{"line":13,"column":8},"end":{"line":19,"column":9}},"type":"if","locations":[{"start":{"line":13,"column":8},"end":{"line":19,"column":9}},{"start":{},"end":{}}],"line":13},"1":{"loc":{"start":{"line":13,"column":11},"end":{"line":13,"column":87}},"type":"binary-expr","locations":[{"start":{"line":13,"column":11},"end":{"line":13,"column":32}},{"start":{"line":13,"column":35},"end":{"line":13,"column":87}}],"line":13},"2":{"loc":{"start":{"line":40,"column":12},"end":{"line":44,"column":13}},"type":"if","locations":[{"start":{"line":40,"column":12},"end":{"line":44,"column":13}},{"start":{"line":42,"column":19},"end":{"line":44,"column":13}}],"line":40}},"s":{"0":1,"1":5,"2":5,"3":5,"4":0,"5":0,"6":0,"7":0,"8":5,"9":2,"10":2,"11":2,"12":2,"13":2,"14":2,"15":2,"16":5,"17":2,"18":5,"19":1,"20":1,"21":1,"22":0,"23":1,"24":5,"25":3,"26":1,"27":3},"f":{"0":5,"1":0,"2":2,"3":2,"4":2,"5":2,"6":1,"7":1,"8":3,"9":1,"10":3},"b":{"0":[0,0],"1":[0,0],"2":[1,0]},"_coverageSchema":"1a1c01bbd47fc00a2c39e90264f33305004495a9","hash":"97aa2f559c01d2582c7f5fb912c1913357e81c91"}
,"E:\\DESIN\\quinielas\\src\\components\\NuevaApuesta.js": {"path":"E:\\DESIN\\quinielas\\src\\components\\NuevaApuesta.js","statementMap":{"0":{"start":{"line":9,"column":39},"end":{"line":9,"column":51}},"1":{"start":{"line":10,"column":22},"end":{"line":10,"column":42}},"2":{"start":{"line":10,"column":28},"end":{"line":10,"column":42}},"3":{"start":{"line":11,"column":35},"end":{"line":11,"column":50}},"4":{"start":{"line":12,"column":41},"end":{"line":12,"column":53}},"5":{"start":{"line":14,"column":19},"end":{"line":16,"column":3}},"6":{"start":{"line":15,"column":4},"end":{"line":15,"column":87}},"7":{"start":{"line":15,"column":52},"end":{"line":15,"column":83}},"8":{"start":{"line":18,"column":2},"end":{"line":24,"column":22}},"9":{"start":{"line":20,"column":8},"end":{"line":23,"column":13}},"10":{"start":{"line":22,"column":16},"end":{"line":22,"column":80}},"11":{"start":{"line":22,"column":76},"end":{"line":22,"column":77}},"12":{"start":{"line":26,"column":22},"end":{"line":47,"column":3}},"13":{"start":{"line":27,"column":35},"end":{"line":27,"column":37}},"14":{"start":{"line":29,"column":4},"end":{"line":45,"column":8}},"15":{"start":{"line":29,"column":109},"end":{"line":29,"column":130}},"16":{"start":{"line":31,"column":31},"end":{"line":31,"column":39}},"17":{"start":{"line":32,"column":12},"end":{"line":36,"column":19}},"18":{"start":{"line":34,"column":30},"end":{"line":34,"column":43}},"19":{"start":{"line":35,"column":18},"end":{"line":35,"column":90}},"20":{"start":{"line":37,"column":12},"end":{"line":37,"column":44}},"21":{"start":{"line":38,"column":12},"end":{"line":38,"column":27}},"22":{"start":{"line":42,"column":8},"end":{"line":42,"column":61}},"23":{"start":{"line":43,"column":8},"end":{"line":43,"column":33}},"24":{"start":{"line":49,"column":2},"end":{"line":88,"column":4}},"25":{"start":{"line":63,"column":12},"end":{"line":69,"column":29}},"26":{"start":{"line":65,"column":121},"end":{"line":65,"column":151}},"27":{"start":{"line":66,"column":122},"end":{"line":66,"column":152}},"28":{"start":{"line":67,"column":122},"end":{"line":67,"column":152}},"29":{"start":{"line":74,"column":54},"end":{"line":74,"column":78}}},"fnMap":{"0":{"name":"NuevaApuesta","decl":{"start":{"line":7,"column":9},"end":{"line":7,"column":21}},"loc":{"start":{"line":7,"column":77},"end":{"line":89,"column":1}},"line":7},"1":{"name":"(anonymous_1)","decl":{"start":{"line":10,"column":22},"end":{"line":10,"column":23}},"loc":{"start":{"line":10,"column":28},"end":{"line":10,"column":42}},"line":10},"2":{"name":"(anonymous_2)","decl":{"start":{"line":14,"column":19},"end":{"line":14,"column":20}},"loc":{"start":{"line":14,"column":32},"end":{"line":16,"column":3}},"line":14},"3":{"name":"(anonymous_3)","decl":{"start":{"line":15,"column":34},"end":{"line":15,"column":35}},"loc":{"start":{"line":15,"column":49},"end":{"line":15,"column":84}},"line":15},"4":{"name":"(anonymous_4)","decl":{"start":{"line":18,"column":12},"end":{"line":18,"column":13}},"loc":{"start":{"line":19,"column":4},"end":{"line":24,"column":5}},"line":19},"5":{"name":"(anonymous_5)","decl":{"start":{"line":22,"column":70},"end":{"line":22,"column":71}},"loc":{"start":{"line":22,"column":76},"end":{"line":22,"column":77}},"line":22},"6":{"name":"(anonymous_6)","decl":{"start":{"line":26,"column":22},"end":{"line":26,"column":23}},"loc":{"start":{"line":26,"column":27},"end":{"line":47,"column":3}},"line":26},"7":{"name":"(anonymous_7)","decl":{"start":{"line":29,"column":95},"end":{"line":29,"column":96}},"loc":{"start":{"line":29,"column":108},"end":{"line":29,"column":132}},"line":29},"8":{"name":"(anonymous_8)","decl":{"start":{"line":32,"column":25},"end":{"line":32,"column":26}},"loc":{"start":{"line":33,"column":16},"end":{"line":36,"column":17}},"line":33},"9":{"name":"(anonymous_9)","decl":{"start":{"line":62,"column":24},"end":{"line":62,"column":25}},"loc":{"start":{"line":63,"column":12},"end":{"line":69,"column":29}},"line":63},"10":{"name":"(anonymous_10)","decl":{"start":{"line":65,"column":118},"end":{"line":65,"column":119}},"loc":{"start":{"line":65,"column":121},"end":{"line":65,"column":151}},"line":65},"11":{"name":"(anonymous_11)","decl":{"start":{"line":66,"column":119},"end":{"line":66,"column":120}},"loc":{"start":{"line":66,"column":122},"end":{"line":66,"column":152}},"line":66},"12":{"name":"(anonymous_12)","decl":{"start":{"line":67,"column":119},"end":{"line":67,"column":120}},"loc":{"start":{"line":67,"column":122},"end":{"line":67,"column":152}},"line":67},"13":{"name":"(anonymous_13)","decl":{"start":{"line":74,"column":50},"end":{"line":74,"column":51}},"loc":{"start":{"line":74,"column":54},"end":{"line":74,"column":78}},"line":74}},"branchMap":{"0":{"loc":{"start":{"line":15,"column":59},"end":{"line":15,"column":83}},"type":"cond-expr","locations":[{"start":{"line":15,"column":67},"end":{"line":15,"column":72}},{"start":{"line":15,"column":74},"end":{"line":15,"column":83}}],"line":15},"1":{"loc":{"start":{"line":20,"column":8},"end":{"line":23,"column":13}},"type":"if","locations":[{"start":{"line":20,"column":8},"end":{"line":23,"column":13}},{"start":{},"end":{}}],"line":20},"2":{"loc":{"start":{"line":29,"column":4},"end":{"line":45,"column":8}},"type":"if","locations":[{"start":{"line":29,"column":4},"end":{"line":45,"column":8}},{"start":{"line":41,"column":11},"end":{"line":45,"column":8}}],"line":29},"3":{"loc":{"start":{"line":29,"column":8},"end":{"line":29,"column":146}},"type":"binary-expr","locations":[{"start":{"line":29,"column":8},"end":{"line":29,"column":44}},{"start":{"line":29,"column":49},"end":{"line":29,"column":145}}],"line":29},"4":{"loc":{"start":{"line":65,"column":60},"end":{"line":65,"column":107}},"type":"cond-expr","locations":[{"start":{"line":65,"column":76},"end":{"line":65,"column":91}},{"start":{"line":65,"column":92},"end":{"line":65,"column":107}}],"line":65},"5":{"loc":{"start":{"line":66,"column":61},"end":{"line":66,"column":108}},"type":"cond-expr","locations":[{"start":{"line":66,"column":77},"end":{"line":66,"column":92}},{"start":{"line":66,"column":93},"end":{"line":66,"column":108}}],"line":66},"6":{"loc":{"start":{"line":67,"column":61},"end":{"line":67,"column":108}},"type":"cond-expr","locations":[{"start":{"line":67,"column":77},"end":{"line":67,"column":92}},{"start":{"line":67,"column":93},"end":{"line":67,"column":108}}],"line":67}},"s":{"0":19,"1":19,"2":2,"3":19,"4":19,"5":19,"6":3,"7":6,"8":19,"9":8,"10":6,"11":11,"12":19,"13":2,"14":2,"15":4,"16":0,"17":0,"18":0,"19":0,"20":0,"21":0,"22":2,"23":2,"24":19,"25":21,"26":1,"27":1,"28":1,"29":0},"f":{"0":19,"1":2,"2":3,"3":6,"4":8,"5":11,"6":2,"7":4,"8":0,"9":21,"10":1,"11":1,"12":1,"13":0},"b":{"0":[3,3],"1":[6,2],"2":[0,2],"3":[2,2],"4":[2,19],"5":[1,20],"6":[2,19]},"_coverageSchema":"1a1c01bbd47fc00a2c39e90264f33305004495a9","hash":"ef451e8b17ef6f690b30f00b6dbf642da0a361fd"}
}
